
================================================================================
CONCURRENT PHASE SPACE ANALYSIS - 100 BILLION SCALE
Started: 2025-10-04 00:25:18.556920
================================================================================

Initializing 30 prime phase spaces...
Generating Fibonacci primes...
  Found 11 Fibonacci primes < 100,000,000,000

Generating primes to 1,000,000,000...
Initializing sieve for 1,000,000,000 with segment size 1,000,000
Processing segments...
  Checkpoint reached at prime ≥ 10,000,000: primes_count=664,580
  Checkpoint reached at prime ≥ 100,000,000: primes_count=5,761,456
  Checkpoint reached at prime ≥ 144,000,000: primes_count=8,125,405

Total primes found: 50,847,534

================================================================================
ANALYZING CONCURRENT PHASE SPACE PATTERNS
================================================================================

============================================================
SCALE: 10,000,000
============================================================
Trinity/Unity: 1.695270
Gap 26 projection: 0.119803 (1/8.3)
Gap 26 phase 0: 0 (void: True)
Gap 30/10: 0.399423
Gap 42/14: 0.202859
Gap 78/26: 0.029553

Fibonacci prime synchronizations:
  F-prime 13: 4 spaces align
  F-prime 89: 15 spaces align
  F-prime 233: 3 spaces align

============================================================
SCALE: 100,000,000
============================================================
Trinity/Unity: 1.745926
Gap 26 projection: 0.134779 (1/7.4)
Gap 26 phase 0: 0 (void: True)
Gap 30/10: 0.518230
  → Near 1-1/φ!
Gap 42/14: 0.295487
Gap 78/26: 0.056837

Fibonacci prime synchronizations:
  F-prime 13: 4 spaces align
  F-prime 89: 15 spaces align
  F-prime 233: 3 spaces align

============================================================
SCALE: 144,000,000
============================================================
Trinity/Unity: 1.752077
Gap 26 projection: 0.136280 (1/7.3)
Gap 26 phase 0: 0 (void: True)
Gap 30/10: 0.536082
Gap 42/14: 0.309064
Gap 78/26: 0.061799

Fibonacci prime synchronizations:
  F-prime 13: 4 spaces align
  F-prime 89: 15 spaces align
  F-prime 233: 3 spaces align

============================================================
FIBONACCI PRIMES AS LEADING VOICES
============================================================

F-prime 13:
  Synchronizes 4 phase spaces
  Leading spaces: [1, 11, 13, 17]
  In log_2 space: position 3.70, phase 9.11
  In log_3 space: position 2.33, phase 4.35
  In log_5 space: position 1.59, phase 7.72
  In log_13 space: position 1.00, phase 0.00

F-prime 89:
  Synchronizes 15 phase spaces
  Leading spaces: [1, 3, 61, 67, 71]
  In log_2 space: position 6.48, phase 6.18
  In log_3 space: position 4.09, phase 1.11
  In log_5 space: position 2.79, phase 10.26
  In log_13 space: position 1.75, phase 9.75

F-prime 233:
  Synchronizes 3 phase spaces
  Leading spaces: [1, 3, 17]
  In log_2 space: position 7.86, phase 11.23
  In log_3 space: position 4.96, phase 12.50
  In log_5 space: position 3.39, phase 5.03
  In log_13 space: position 2.13, phase 1.63

F-prime 1597:
  Synchronizes 6 phase spaces
  Leading spaces: [1, 11, 37, 41, 43]
  In log_2 space: position 10.64, phase 8.33
  In log_3 space: position 6.71, phase 9.28
  In log_5 space: position 4.58, phase 7.58
  In log_13 space: position 2.88, phase 11.38

F-prime 28657:
  Synchronizes 4 phase spaces
  Leading spaces: [1, 13, 29, 31]
  In log_2 space: position 14.81, phase 10.49
  In log_3 space: position 9.34, phase 4.45
  In log_5 space: position 6.38, phase 4.90
  In log_13 space: position 4.00, phase 0.02

F-prime 514229:
  Synchronizes 9 phase spaces
  Leading spaces: [1, 2, 3, 29, 71]
  In log_2 space: position 18.97, phase 12.64
  In log_3 space: position 11.97, phase 12.61
  In log_5 space: position 8.17, phase 2.22
  In log_13 space: position 5.13, phase 1.65

F-prime 433494437:
  Synchronizes 4 phase spaces
  Leading spaces: [1, 17, 29, 53]
  In log_2 space: position 28.69, phase 8.99
  In log_3 space: position 18.10, phase 1.33
  In log_5 space: position 12.36, phase 4.64
  In log_13 space: position 7.75, phase 9.80

F-prime 2971215073:
  Synchronizes 7 phase spaces
  Leading spaces: [1, 11, 23, 37, 73]
  In log_2 space: position 31.47, phase 6.09
  In log_3 space: position 19.85, phase 11.11
  In log_5 space: position 13.55, phase 7.19
  In log_13 space: position 8.50, phase 6.55

================================================================================
FINAL SUMMARY
================================================================================

Trinity/Unity Evolution:
       10,000,000: 1.695270
      100,000,000: 1.745926
      144,000,000: 1.752077

Gap 26 Projection Evolution:
       10,000,000: 0.119803 (1/8.3)
      100,000,000: 0.134779 (1/7.4)
      144,000,000: 0.136280 (1/7.3)

Key Interference Ratios:
       10,000,000: Gap30/10 = 0.399423
      100,000,000: Gap30/10 = 0.518230
      144,000,000: Gap30/10 = 0.536082

Analysis complete in 0h 0m 19s
Results saved to:
  concurrent_results.json
  concurrent_results_1000000000.json

Copy the JSON file contents back for interpretation

================================================================================
CRITICAL FINDINGS TO REPORT
================================================================================
At 144,000,000 scale:
  Trinity/Unity: 1.752077
  Gap 26 projection: 0.136280
  Gap 26 phase 0: 0
  Fibonacci syncs: 6
  Gap 30/10: 0.536082
